[     332ms] [ERROR] A tree hydrated but some attributes of the server rendered HTML didn't match the client properties. This won't be patched up. This can happen if a SSR-ed Client Component used:

- A server/client branch `if (typeof window !== 'undefined')`.
- Variable input such as `Date.now()` or `Math.random()` which changes each time it's called.
- Date formatting in a user's locale which doesn't match the server.
- External changing data without sending a snapshot of it along with the HTML.
- Invalid HTML tag nesting.

It can also happen if the client has a browser extension installed which messes with the HTML before React loaded.

%s%s https://react.dev/link/hydration-mismatch 

  ...
    <body className="bg-backgro...">
      <TooltipProvider>
        <TooltipProvider data-slot="tooltip-pr..." delay={0}>
          <FloatingDelayGroup delay={{open:0, ...}} timeoutMs={400}>
            <Header>
              <nav className={"fixed to..."} aria-label="Main navig...">
                <div className="mx-auto ma...">
                  <div className="flex items...">
                    <LinkComponent>
                    <div>
                    <Sheet open={false} onOpenChange={function bound dispatchSetState}>
                      <DialogRoot data-slot="sheet" open={false} onOpenChange={function bound dispatchSetState}>
                        <SheetTrigger className="lg:hidden ..." aria-label="Open menu">
                          <DialogTrigger data-slot="sheet-trigger" className="lg:hidden ..." aria-label="Open menu">
                            <button
                              type="button"
                              onClick={function onClick}
                              onMouseDown={function onMouseDown}
                              onKeyDown={function}
                              onKeyUp={function onKeyUp}
                              onPointerDown={function onPointerDown}
                              tabIndex={0}
                              disabled={false}
                              data-base-ui-click-trigger=""
+                             id="base-ui-_R_f6lb_"
-                             id="base-ui-_R_3p6lb_"
                              data-slot="sheet-trigger"
                              aria-label="Open menu"
                              ref={function}
                              className="lg:hidden p-2.5 rounded-lg transition-colors hover:bg-slate-100"
                            >
                        ...
            ...
      ...
 @ http://localhost:3000/_next/static/chunks/70ed4_next_dist_e4626e3d._.js:3127
