[     458ms] [WARNING] Image with src "/images/hero-jd-w260-flatrack.jpg" is using quality "85" which is not configured in images.qualities [75]. Please update your config to [75, 85].
Read more: https://nextjs.org/docs/messages/next-image-unconfigured-qualities @ http://localhost:3000/_next/static/chunks/70ed4_next_dist_e4626e3d._.js:2297
[     485ms] [ERROR] Base UI: A component that acts as a button expected a native <button> because the `nativeButton` prop is true. Rendering a non-<button> removes native button semantics, which can impact forms and accessibility. Use a real <button> in the `render` prop, or set `nativeButton` to `false`.
    at Button (http://localhost:3000/_next/static/chunks/Projects_meridian-freight-website_22593de7._.js:168:260)
    at Hero (about://React/Server/file:///Users/zaytsev/Projects/meridian-freight-website/.next/dev/server/chunks/ssr/%5Broot-of-the-server%5D__4f0823be._.js?56:177:334)
    at HomePage (about://React/Server/file:///Users/zaytsev/Projects/meridian-freight-website/.next/dev/server/chunks/ssr/%5Broot-of-the-server%5D__4f0823be._.js?45:2160:310) @ http://localhost:3000/_next/static/chunks/70ed4_next_dist_e4626e3d._.js:3127
[     485ms] [ERROR] Base UI: A component that acts as a button expected a native <button> because the `nativeButton` prop is true. Rendering a non-<button> removes native button semantics, which can impact forms and accessibility. Use a real <button> in the `render` prop, or set `nativeButton` to `false`.
    at Button (http://localhost:3000/_next/static/chunks/Projects_meridian-freight-website_22593de7._.js:168:260)
    at Hero (about://React/Server/file:///Users/zaytsev/Projects/meridian-freight-website/.next/dev/server/chunks/ssr/%5Broot-of-the-server%5D__4f0823be._.js?57:205:334)
    at HomePage (about://React/Server/file:///Users/zaytsev/Projects/meridian-freight-website/.next/dev/server/chunks/ssr/%5Broot-of-the-server%5D__4f0823be._.js?45:2160:310) @ http://localhost:3000/_next/static/chunks/70ed4_next_dist_e4626e3d._.js:3127
[     486ms] [ERROR] Base UI: A component that acts as a button expected a native <button> because the `nativeButton` prop is true. Rendering a non-<button> removes native button semantics, which can impact forms and accessibility. Use a real <button> in the `render` prop, or set `nativeButton` to `false`.
    at Button (http://localhost:3000/_next/static/chunks/Projects_meridian-freight-website_22593de7._.js:168:260)
    at HomePage (about://React/Server/file:///Users/zaytsev/Projects/meridian-freight-website/.next/dev/server/chunks/ssr/%5Broot-of-the-server%5D__4f0823be._.js?169:2206:326) @ http://localhost:3000/_next/static/chunks/70ed4_next_dist_e4626e3d._.js:3127
[     486ms] [ERROR] Base UI: A component that acts as a button expected a native <button> because the `nativeButton` prop is true. Rendering a non-<button> removes native button semantics, which can impact forms and accessibility. Use a real <button> in the `render` prop, or set `nativeButton` to `false`.
    at Button (http://localhost:3000/_next/static/chunks/Projects_meridian-freight-website_22593de7._.js:168:260)
    at HomePage (about://React/Server/file:///Users/zaytsev/Projects/meridian-freight-website/.next/dev/server/chunks/ssr/%5Broot-of-the-server%5D__4f0823be._.js?170:2233:326) @ http://localhost:3000/_next/static/chunks/70ed4_next_dist_e4626e3d._.js:3127
[     486ms] [ERROR] Base UI: A component that acts as a button expected a native <button> because the `nativeButton` prop is true. Rendering a non-<button> removes native button semantics, which can impact forms and accessibility. Use a real <button> in the `render` prop, or set `nativeButton` to `false`.
    at Button (http://localhost:3000/_next/static/chunks/Projects_meridian-freight-website_22593de7._.js:168:260)
    at HomePage (about://React/Server/file:///Users/zaytsev/Projects/meridian-freight-website/.next/dev/server/chunks/ssr/%5Broot-of-the-server%5D__4f0823be._.js?176:2302:322) @ http://localhost:3000/_next/static/chunks/70ed4_next_dist_e4626e3d._.js:3127
[     665ms] [WARNING] Image with src "/logos/MF Logos White/meridianFreight-logo-W-250.png" was detected as the Largest Contentful Paint (LCP). Please add the `loading="eager"` property if this image is above the fold.
Read more: https://nextjs.org/docs/app/api-reference/components/image#loading @ http://localhost:3000/_next/static/chunks/70ed4_next_dist_e4626e3d._.js:2297
